----------------------------------------------------------------
Wed May 06 17:26:20 CEST 2015:
Booting Derby version The Apache Software Foundation - Apache Derby - 10.10.1.1 - (1458268): instance a816c00e-014d-29d5-b27e-00000716b3d0 
on database directory C:\Users\carlos.cotelo\openbravopos-database with class loader ClassRealm[plugin>org.mortbay.jetty:jetty-maven-plugin:7.0.0.pre4, parent: sun.misc.Launcher$AppClassLoader@4e25154f] 
Loaded from file:/C:/Users/carlos.cotelo/.m2/repository/org/apache/derby/derby/10.10.1.1/derby-10.10.1.1.jar
java.vendor=Oracle Corporation
java.runtime.version=1.8.0_40-b26
user.dir=C:\Users\carlos.cotelo\openbravopos-mvn\openbravopos_2.30.2_src\src-pda
os.name=Windows 8.1
os.arch=amd64
os.version=6.3
derby.system.home=null
Database Class Loader started - derby.database.classpath=''
Wed May 06 17:30:23 CEST 2015 Thread[qtp0-5,5,main] (XID = 2432), (SESSIONID = 165), (DATABASE = C:\Users\carlos.cotelo\openbravopos-database), (DRDAID = null), Cleanup action starting
Wed May 06 17:30:23 CEST 2015 Thread[qtp0-5,5,main] (XID = 2432), (SESSIONID = 165), (DATABASE = C:\Users\carlos.cotelo\openbravopos-database), (DRDAID = null), Failed Statement is: UPDATE SHAREDTICKETS SET CONTENT = ? WHERE ID = ? with 2 parameters begin parameter #1: BLOB:Length=1044 :end parameter begin parameter #2: 2 :end parameter 
ERROR 08000: Connection closed by unknown interrupt.
	at org.apache.derby.iapi.error.StandardException.newException(Unknown Source)
	at org.apache.derby.impl.services.locks.ConcurrentLockSet.lockObject(Unknown Source)
	at org.apache.derby.impl.services.locks.AbstractPool.lockObject(Unknown Source)
	at org.apache.derby.impl.services.locks.ConcurrentPool.lockObject(Unknown Source)
	at org.apache.derby.impl.store.raw.xact.RowLocking3.lockRecordForWrite(Unknown Source)
	at org.apache.derby.impl.store.access.heap.HeapController.lockRow(Unknown Source)
	at org.apache.derby.impl.store.access.heap.HeapController.lockRow(Unknown Source)
	at org.apache.derby.impl.store.access.btree.index.B2IRowLocking3.lockRowOnPage(Unknown Source)
	at org.apache.derby.impl.store.access.btree.index.B2IRowLocking3._lockScanRow(Unknown Source)
	at org.apache.derby.impl.store.access.btree.index.B2IRowLockingRR.lockScanRow(Unknown Source)
	at org.apache.derby.impl.store.access.btree.BTreeForwardScan.fetchRows(Unknown Source)
	at org.apache.derby.impl.store.access.btree.BTreeScan.fetchNext(Unknown Source)
	at org.apache.derby.impl.sql.execute.TableScanResultSet.getNextRowCore(Unknown Source)
	at org.apache.derby.impl.sql.execute.IndexRowToBaseRowResultSet.getNextRowCore(Unknown Source)
	at org.apache.derby.impl.sql.execute.ProjectRestrictResultSet.getNextRowCore(Unknown Source)
	at org.apache.derby.impl.sql.execute.NormalizeResultSet.getNextRowCore(Unknown Source)
	at org.apache.derby.impl.sql.execute.DMLWriteResultSet.getNextRowCore(Unknown Source)
	at org.apache.derby.impl.sql.execute.UpdateResultSet.collectAffectedRows(Unknown Source)
	at org.apache.derby.impl.sql.execute.UpdateResultSet.open(Unknown Source)
	at org.apache.derby.impl.sql.GenericPreparedStatement.executeStmt(Unknown Source)
	at org.apache.derby.impl.sql.GenericPreparedStatement.execute(Unknown Source)
	at org.apache.derby.impl.jdbc.EmbedStatement.executeStatement(Unknown Source)
	at org.apache.derby.impl.jdbc.EmbedPreparedStatement.executeStatement(Unknown Source)
	at org.apache.derby.impl.jdbc.EmbedPreparedStatement.executeLargeUpdate(Unknown Source)
	at org.apache.derby.impl.jdbc.EmbedPreparedStatement.executeUpdate(Unknown Source)
	at com.openbravo.pos.pda.dao.TicketDAO.updateTicket(TicketDAO.java:111)
	at com.openbravo.pos.pda.bo.RestaurantManager.addLineToTicket(RestaurantManager.java:190)
	at com.openbravo.pos.pda.struts.actions.addProductAction.execute(addProductAction.java:60)
	at org.apache.struts.action.RequestProcessor.processActionPerform(RequestProcessor.java:431)
	at org.apache.struts.action.RequestProcessor.process(RequestProcessor.java:236)
	at org.apache.struts.action.ActionServlet.process(ActionServlet.java:1196)
	at org.apache.struts.action.ActionServlet.doGet(ActionServlet.java:414)
	at javax.servlet.http.HttpServlet.service(HttpServlet.java:693)
	at javax.servlet.http.HttpServlet.service(HttpServlet.java:806)
	at org.mortbay.jetty.servlet.ServletHolder.handle(ServletHolder.java:502)
	at org.mortbay.jetty.servlet.ServletHandler$CachedChain.doFilter(ServletHandler.java:1121)
	at com.openbravo.pos.pda.struts.filter.PdaFilter.doFilter(PdaFilter.java:104)
	at org.mortbay.jetty.servlet.ServletHandler$CachedChain.doFilter(ServletHandler.java:1112)
	at org.mortbay.jetty.servlet.ServletHandler.handle(ServletHandler.java:363)
	at org.mortbay.jetty.security.ConstraintsSecurityHandler.handle(ConstraintsSecurityHandler.java:220)
	at org.mortbay.jetty.servlet.SessionHandler.handle(SessionHandler.java:181)
	at org.mortbay.jetty.handler.ContextHandler.handle(ContextHandler.java:822)
	at org.mortbay.jetty.webapp.WebAppContext.handle(WebAppContext.java:305)
	at org.mortbay.jetty.handler.ContextHandlerCollection.handle(ContextHandlerCollection.java:229)
	at org.mortbay.jetty.handler.HandlerCollection.handle(HandlerCollection.java:113)
	at org.mortbay.jetty.handler.HandlerWrapper.handle(HandlerWrapper.java:152)
	at org.mortbay.jetty.Server.handle(Server.java:324)
	at org.mortbay.jetty.HttpConnection.handleRequest(HttpConnection.java:550)
	at org.mortbay.jetty.HttpConnection$RequestHandler.headerComplete(HttpConnection.java:876)
	at org.mortbay.jetty.HttpParser.parseNext(HttpParser.java:535)
	at org.mortbay.jetty.HttpParser.parseAvailable(HttpParser.java:209)
	at org.mortbay.jetty.HttpConnection.handle(HttpConnection.java:407)
	at org.mortbay.io.nio.SelectChannelEndPoint.run(SelectChannelEndPoint.java:421)
	at org.mortbay.thread.QueuedThreadPool$PoolThread.run(QueuedThreadPool.java:520)
Wed May 06 17:30:23 CEST 2015 Thread[qtp0-7,5,main] (XID = 2412), (SESSIONID = 153), (DATABASE = C:\Users\carlos.cotelo\openbravopos-database), (DRDAID = null), Cleanup action starting
Wed May 06 17:30:23 CEST 2015 Thread[qtp0-7,5,main] (XID = 2412), (SESSIONID = 153), (DATABASE = C:\Users\carlos.cotelo\openbravopos-database), (DRDAID = null), Failed Statement is: UPDATE SHAREDTICKETS SET CONTENT = ? WHERE ID = ? with 2 parameters begin parameter #1: BLOB:Length=1044 :end parameter begin parameter #2: 2 :end parameter 
ERROR 08000: Connection closed by unknown interrupt.
	at org.apache.derby.iapi.error.StandardException.newException(Unknown Source)
	at org.apache.derby.impl.services.locks.ConcurrentLockSet.lockObject(Unknown Source)
	at org.apache.derby.impl.services.locks.AbstractPool.lockObject(Unknown Source)
	at org.apache.derby.impl.services.locks.ConcurrentPool.lockObject(Unknown Source)
	at org.apache.derby.impl.store.raw.xact.RowLocking3.lockRecordForWrite(Unknown Source)
	at org.apache.derby.impl.store.access.heap.HeapController.lockRow(Unknown Source)
	at org.apache.derby.impl.store.access.heap.HeapController.lockRow(Unknown Source)
	at org.apache.derby.impl.store.access.btree.index.B2IRowLocking3.lockRowOnPage(Unknown Source)
	at org.apache.derby.impl.store.access.btree.index.B2IRowLocking3._lockScanRow(Unknown Source)
	at org.apache.derby.impl.store.access.btree.index.B2IRowLockingRR.lockScanRow(Unknown Source)
	at org.apache.derby.impl.store.access.btree.BTreeForwardScan.fetchRows(Unknown Source)
	at org.apache.derby.impl.store.access.btree.BTreeScan.fetchNext(Unknown Source)
	at org.apache.derby.impl.sql.execute.TableScanResultSet.getNextRowCore(Unknown Source)
	at org.apache.derby.impl.sql.execute.IndexRowToBaseRowResultSet.getNextRowCore(Unknown Source)
	at org.apache.derby.impl.sql.execute.ProjectRestrictResultSet.getNextRowCore(Unknown Source)
	at org.apache.derby.impl.sql.execute.NormalizeResultSet.getNextRowCore(Unknown Source)
	at org.apache.derby.impl.sql.execute.DMLWriteResultSet.getNextRowCore(Unknown Source)
	at org.apache.derby.impl.sql.execute.UpdateResultSet.collectAffectedRows(Unknown Source)
	at org.apache.derby.impl.sql.execute.UpdateResultSet.open(Unknown Source)
	at org.apache.derby.impl.sql.GenericPreparedStatement.executeStmt(Unknown Source)
	at org.apache.derby.impl.sql.GenericPreparedStatement.execute(Unknown Source)
	at org.apache.derby.impl.jdbc.EmbedStatement.executeStatement(Unknown Source)
	at org.apache.derby.impl.jdbc.EmbedPreparedStatement.executeStatement(Unknown Source)
	at org.apache.derby.impl.jdbc.EmbedPreparedStatement.executeLargeUpdate(Unknown Source)
	at org.apache.derby.impl.jdbc.EmbedPreparedStatement.executeUpdate(Unknown Source)
	at com.openbravo.pos.pda.dao.TicketDAO.updateTicket(TicketDAO.java:111)
	at com.openbravo.pos.pda.bo.RestaurantManager.addLineToTicket(RestaurantManager.java:190)
	at com.openbravo.pos.pda.struts.actions.addProductAction.execute(addProductAction.java:60)
	at org.apache.struts.action.RequestProcessor.processActionPerform(RequestProcessor.java:431)
	at org.apache.struts.action.RequestProcessor.process(RequestProcessor.java:236)
	at org.apache.struts.action.ActionServlet.process(ActionServlet.java:1196)
	at org.apache.struts.action.ActionServlet.doGet(ActionServlet.java:414)
	at javax.servlet.http.HttpServlet.service(HttpServlet.java:693)
	at javax.servlet.http.HttpServlet.service(HttpServlet.java:806)
	at org.mortbay.jetty.servlet.ServletHolder.handle(ServletHolder.java:502)
	at org.mortbay.jetty.servlet.ServletHandler$CachedChain.doFilter(ServletHandler.java:1121)
	at com.openbravo.pos.pda.struts.filter.PdaFilter.doFilter(PdaFilter.java:104)
	at org.mortbay.jetty.servlet.ServletHandler$CachedChain.doFilter(ServletHandler.java:1112)
	at org.mortbay.jetty.servlet.ServletHandler.handle(ServletHandler.java:363)
	at org.mortbay.jetty.security.ConstraintsSecurityHandler.handle(ConstraintsSecurityHandler.java:220)
	at org.mortbay.jetty.servlet.SessionHandler.handle(SessionHandler.java:181)
	at org.mortbay.jetty.handler.ContextHandler.handle(ContextHandler.java:822)
	at org.mortbay.jetty.webapp.WebAppContext.handle(WebAppContext.java:305)
	at org.mortbay.jetty.handler.ContextHandlerCollection.handle(ContextHandlerCollection.java:229)
	at org.mortbay.jetty.handler.HandlerCollection.handle(HandlerCollection.java:113)
	at org.mortbay.jetty.handler.HandlerWrapper.handle(HandlerWrapper.java:152)
	at org.mortbay.jetty.Server.handle(Server.java:324)
	at org.mortbay.jetty.HttpConnection.handleRequest(HttpConnection.java:550)
	at org.mortbay.jetty.HttpConnection$RequestHandler.headerComplete(HttpConnection.java:876)
	at org.mortbay.jetty.HttpParser.parseNext(HttpParser.java:535)
	at org.mortbay.jetty.HttpParser.parseAvailable(HttpParser.java:209)
	at org.mortbay.jetty.HttpConnection.handle(HttpConnection.java:407)
	at org.mortbay.io.nio.SelectChannelEndPoint.run(SelectChannelEndPoint.java:421)
	at org.mortbay.thread.QueuedThreadPool$PoolThread.run(QueuedThreadPool.java:520)
Cleanup action completed
Wed May 06 17:30:23 CEST 2015 Thread[qtp0-4,5,main] (XID = 2420), (SESSIONID = 149), (DATABASE = C:\Users\carlos.cotelo\openbravopos-database), (DRDAID = null), Cleanup action starting
Wed May 06 17:30:23 CEST 2015 Thread[qtp0-4,5,main] (XID = 2420), (SESSIONID = 149), (DATABASE = C:\Users\carlos.cotelo\openbravopos-database), (DRDAID = null), Failed Statement is: Select CONTENT from SHAREDTICKETS where ID = ? with 1 parameters begin parameter #1: 2 :end parameter 
ERROR 08000: Connection closed by unknown interrupt.
	at org.apache.derby.iapi.error.StandardException.newException(Unknown Source)
	at org.apache.derby.impl.services.locks.ConcurrentLockSet.lockObject(Unknown Source)
	at org.apache.derby.impl.services.locks.AbstractPool.lockObject(Unknown Source)
	at org.apache.derby.impl.services.locks.ConcurrentPool.lockObject(Unknown Source)
	at org.apache.derby.impl.store.raw.xact.RowLocking2.lockRecordForRead(Unknown Source)
	at org.apache.derby.impl.store.access.heap.HeapController.lockRow(Unknown Source)
	at org.apache.derby.impl.store.access.heap.HeapController.lockRow(Unknown Source)
	at org.apache.derby.impl.store.access.btree.index.B2IRowLocking3.lockRowOnPage(Unknown Source)
	at org.apache.derby.impl.store.access.btree.index.B2IRowLocking3._lockScanRow(Unknown Source)
	at org.apache.derby.impl.store.access.btree.index.B2IRowLockingRR.lockScanRow(Unknown Source)
	at org.apache.derby.impl.store.access.btree.BTreeForwardScan.fetchRows(Unknown Source)
	at org.apache.derby.impl.store.access.btree.BTreeScan.fetchNext(Unknown Source)
	at org.apache.derby.impl.sql.execute.TableScanResultSet.getNextRowCore(Unknown Source)
	at org.apache.derby.impl.sql.execute.IndexRowToBaseRowResultSet.getNextRowCore(Unknown Source)
	at org.apache.derby.impl.sql.execute.ProjectRestrictResultSet.getNextRowCore(Unknown Source)
	at org.apache.derby.impl.sql.execute.BasicNoPutResultSetImpl.getNextRow(Unknown Source)
	at org.apache.derby.impl.jdbc.EmbedResultSet.movePosition(Unknown Source)
	at org.apache.derby.impl.jdbc.EmbedResultSet.next(Unknown Source)
	at com.openbravo.pos.pda.dao.TicketDAO.getTicket(TicketDAO.java:59)
	at com.openbravo.pos.pda.dao.TicketLineDAO.findLinesByTicket(TicketLineDAO.java:36)
	at com.openbravo.pos.pda.bo.RestaurantManager.findTicketLines(RestaurantManager.java:126)
	at com.openbravo.pos.pda.struts.actions.PlaceAction.execute(PlaceAction.java:179)
	at org.apache.struts.action.RequestProcessor.processActionPerform(RequestProcessor.java:431)
	at org.apache.struts.action.RequestProcessor.process(RequestProcessor.java:236)
	at org.apache.struts.action.ActionServlet.process(ActionServlet.java:1196)
	at org.apache.struts.action.ActionServlet.doGet(ActionServlet.java:414)
	at javax.servlet.http.HttpServlet.service(HttpServlet.java:693)
	at javax.servlet.http.HttpServlet.service(HttpServlet.java:806)
	at org.mortbay.jetty.servlet.ServletHolder.handle(ServletHolder.java:502)
	at org.mortbay.jetty.servlet.ServletHandler$CachedChain.doFilter(ServletHandler.java:1121)
	at com.openbravo.pos.pda.struts.filter.PdaFilter.doFilter(PdaFilter.java:104)
	at org.mortbay.jetty.servlet.ServletHandler$CachedChain.doFilter(ServletHandler.java:1112)
	at org.mortbay.jetty.servlet.ServletHandler.handle(ServletHandler.java:363)
	at org.mortbay.jetty.security.ConstraintsSecurityHandler.handle(ConstraintsSecurityHandler.java:220)
	at org.mortbay.jetty.servlet.SessionHandler.handle(SessionHandler.java:181)
	at org.mortbay.jetty.handler.ContextHandler.handle(ContextHandler.java:822)
	at org.mortbay.jetty.webapp.WebAppContext.handle(WebAppContext.java:305)
	at org.mortbay.jetty.handler.ContextHandlerCollection.handle(ContextHandlerCollection.java:229)
	at org.mortbay.jetty.handler.HandlerCollection.handle(HandlerCollection.java:113)
	at org.mortbay.jetty.handler.HandlerWrapper.handle(HandlerWrapper.java:152)
	at org.mortbay.jetty.Server.handle(Server.java:324)
	at org.mortbay.jetty.HttpConnection.handleRequest(HttpConnection.java:550)
	at org.mortbay.jetty.HttpConnection$RequestHandler.headerComplete(HttpConnection.java:876)
	at org.mortbay.jetty.HttpParser.parseNext(HttpParser.java:535)
	at org.mortbay.jetty.HttpParser.parseAvailable(HttpParser.java:209)
	at org.mortbay.jetty.HttpConnection.handle(HttpConnection.java:407)
	at org.mortbay.io.nio.SelectChannelEndPoint.run(SelectChannelEndPoint.java:421)
	at org.mortbay.thread.QueuedThreadPool$PoolThread.run(QueuedThreadPool.java:520)
Cleanup action completed
Cleanup action completed
Wed May 06 17:30:23 CEST 2015 Thread[qtp0-8,5,main] (XID = 2413), (SESSIONID = 155), (DATABASE = C:\Users\carlos.cotelo\openbravopos-database), (DRDAID = null), Cleanup action starting
Wed May 06 17:30:23 CEST 2015 Thread[qtp0-8,5,main] (XID = 2413), (SESSIONID = 155), (DATABASE = C:\Users\carlos.cotelo\openbravopos-database), (DRDAID = null), Failed Statement is: UPDATE SHAREDTICKETS SET CONTENT = ? WHERE ID = ? with 2 parameters begin parameter #1: BLOB:Length=1044 :end parameter begin parameter #2: 2 :end parameter 
ERROR 08000: Connection closed by unknown interrupt.
	at org.apache.derby.iapi.error.StandardException.newException(Unknown Source)
	at org.apache.derby.impl.services.locks.ConcurrentLockSet.lockObject(Unknown Source)
	at org.apache.derby.impl.services.locks.AbstractPool.lockObject(Unknown Source)
	at org.apache.derby.impl.services.locks.ConcurrentPool.lockObject(Unknown Source)
	at org.apache.derby.impl.store.raw.xact.RowLocking3.lockRecordForWrite(Unknown Source)
	at org.apache.derby.impl.store.access.heap.HeapController.lockRow(Unknown Source)
	at org.apache.derby.impl.store.access.heap.HeapController.lockRow(Unknown Source)
	at org.apache.derby.impl.store.access.btree.index.B2IRowLocking3.lockRowOnPage(Unknown Source)
	at org.apache.derby.impl.store.access.btree.index.B2IRowLocking3._lockScanRow(Unknown Source)
	at org.apache.derby.impl.store.access.btree.index.B2IRowLockingRR.lockScanRow(Unknown Source)
	at org.apache.derby.impl.store.access.btree.BTreeForwardScan.fetchRows(Unknown Source)
	at org.apache.derby.impl.store.access.btree.BTreeScan.fetchNext(Unknown Source)
	at org.apache.derby.impl.sql.execute.TableScanResultSet.getNextRowCore(Unknown Source)
	at org.apache.derby.impl.sql.execute.IndexRowToBaseRowResultSet.getNextRowCore(Unknown Source)
	at org.apache.derby.impl.sql.execute.ProjectRestrictResultSet.getNextRowCore(Unknown Source)
	at org.apache.derby.impl.sql.execute.NormalizeResultSet.getNextRowCore(Unknown Source)
	at org.apache.derby.impl.sql.execute.DMLWriteResultSet.getNextRowCore(Unknown Source)
	at org.apache.derby.impl.sql.execute.UpdateResultSet.collectAffectedRows(Unknown Source)
	at org.apache.derby.impl.sql.execute.UpdateResultSet.open(Unknown Source)
	at org.apache.derby.impl.sql.GenericPreparedStatement.executeStmt(Unknown Source)
	at org.apache.derby.impl.sql.GenericPreparedStatement.execute(Unknown Source)
	at org.apache.derby.impl.jdbc.EmbedStatement.executeStatement(Unknown Source)
	at org.apache.derby.impl.jdbc.EmbedPreparedStatement.executeStatement(Unknown Source)
	at org.apache.derby.impl.jdbc.EmbedPreparedStatement.executeLargeUpdate(Unknown Source)
	at org.apache.derby.impl.jdbc.EmbedPreparedStatement.executeUpdate(Unknown Source)
	at com.openbravo.pos.pda.dao.TicketDAO.updateTicket(TicketDAO.java:111)
	at com.openbravo.pos.pda.bo.RestaurantManager.addLineToTicket(RestaurantManager.java:190)
	at com.openbravo.pos.pda.struts.actions.addProductAction.execute(addProductAction.java:60)
	at org.apache.struts.action.RequestProcessor.processActionPerform(RequestProcessor.java:431)
	at org.apache.struts.action.RequestProcessor.process(RequestProcessor.java:236)
	at org.apache.struts.action.ActionServlet.process(ActionServlet.java:1196)
	at org.apache.struts.action.ActionServlet.doGet(ActionServlet.java:414)
	at javax.servlet.http.HttpServlet.service(HttpServlet.java:693)
	at javax.servlet.http.HttpServlet.service(HttpServlet.java:806)
	at org.mortbay.jetty.servlet.ServletHolder.handle(ServletHolder.java:502)
	at org.mortbay.jetty.servlet.ServletHandler$CachedChain.doFilter(ServletHandler.java:1121)
	at com.openbravo.pos.pda.struts.filter.PdaFilter.doFilter(PdaFilter.java:104)
	at org.mortbay.jetty.servlet.ServletHandler$CachedChain.doFilter(ServletHandler.java:1112)
	at org.mortbay.jetty.servlet.ServletHandler.handle(ServletHandler.java:363)
	at org.mortbay.jetty.security.ConstraintsSecurityHandler.handle(ConstraintsSecurityHandler.java:220)
	at org.mortbay.jetty.servlet.SessionHandler.handle(SessionHandler.java:181)
	at org.mortbay.jetty.handler.ContextHandler.handle(ContextHandler.java:822)
	at org.mortbay.jetty.webapp.WebAppContext.handle(WebAppContext.java:305)
	at org.mortbay.jetty.handler.ContextHandlerCollection.handle(ContextHandlerCollection.java:229)
	at org.mortbay.jetty.handler.HandlerCollection.handle(HandlerCollection.java:113)
	at org.mortbay.jetty.handler.HandlerWrapper.handle(HandlerWrapper.java:152)
	at org.mortbay.jetty.Server.handle(Server.java:324)
	at org.mortbay.jetty.HttpConnection.handleRequest(HttpConnection.java:550)
	at org.mortbay.jetty.HttpConnection$RequestHandler.headerComplete(HttpConnection.java:876)
	at org.mortbay.jetty.HttpParser.parseNext(HttpParser.java:535)
	at org.mortbay.jetty.HttpParser.parseAvailable(HttpParser.java:209)
	at org.mortbay.jetty.HttpConnection.handle(HttpConnection.java:407)
	at org.mortbay.io.nio.SelectChannelEndPoint.run(SelectChannelEndPoint.java:421)
	at org.mortbay.thread.QueuedThreadPool$PoolThread.run(QueuedThreadPool.java:520)
Cleanup action completed
Wed May 06 17:30:23 CEST 2015 Thread[qtp0-8,5,main] (XID = 2443), (SESSIONID = 174), (DATABASE = C:\Users\carlos.cotelo\openbravopos-database), (DRDAID = null), Cleanup action starting
Wed May 06 17:30:23 CEST 2015 Thread[qtp0-8,5,main] (XID = 2443), (SESSIONID = 174), (DATABASE = C:\Users\carlos.cotelo\openbravopos-database), (DRDAID = null), Failed Statement is: SELECT * FROM PRODUCTS P, PRODUCTS_COM COM WHERE COM.PRODUCT=? AND P.ID = COM.PRODUCT2 ORDER BY P.NAME with 1 parameters begin parameter #1: 94f5217c-beff-48d9-8ace-c345f8e87fc5 :end parameter 
ERROR 08000: Connection closed by unknown interrupt.
	at org.apache.derby.iapi.error.StandardException.newException(Unknown Source)
	at org.apache.derby.iapi.util.InterruptStatus.setInterrupted(Unknown Source)
	at org.apache.derby.iapi.util.InterruptStatus.throwIf(Unknown Source)
	at org.apache.derby.impl.sql.execute.BasicNoPutResultSetImpl.checkCancellationFlag(Unknown Source)
	at org.apache.derby.impl.sql.execute.BulkTableScanResultSet.getNextRowCore(Unknown Source)
	at org.apache.derby.impl.sql.execute.IndexRowToBaseRowResultSet.getNextRowCore(Unknown Source)
	at org.apache.derby.impl.sql.execute.JoinResultSet.openCore(Unknown Source)
	at org.apache.derby.impl.sql.execute.ProjectRestrictResultSet.openCore(Unknown Source)
	at org.apache.derby.impl.sql.execute.SortResultSet.openCore(Unknown Source)
	at org.apache.derby.impl.sql.execute.BasicNoPutResultSetImpl.open(Unknown Source)
	at org.apache.derby.impl.sql.GenericPreparedStatement.executeStmt(Unknown Source)
	at org.apache.derby.impl.sql.GenericPreparedStatement.execute(Unknown Source)
	at org.apache.derby.impl.jdbc.EmbedStatement.executeStatement(Unknown Source)
	at org.apache.derby.impl.jdbc.EmbedPreparedStatement.executeStatement(Unknown Source)
	at org.apache.derby.impl.jdbc.EmbedPreparedStatement.executeQuery(Unknown Source)
	at com.openbravo.pos.pda.dao.ProductDAO.findAllAuxiliars(ProductDAO.java:49)
	at com.openbravo.pos.pda.bo.RestaurantManager.findAuxiliars(RestaurantManager.java:74)
	at com.openbravo.pos.pda.struts.actions.addProductAction.execute(addProductAction.java:62)
	at org.apache.struts.action.RequestProcessor.processActionPerform(RequestProcessor.java:431)
	at org.apache.struts.action.RequestProcessor.process(RequestProcessor.java:236)
	at org.apache.struts.action.ActionServlet.process(ActionServlet.java:1196)
	at org.apache.struts.action.ActionServlet.doGet(ActionServlet.java:414)
	at javax.servlet.http.HttpServlet.service(HttpServlet.java:693)
	at javax.servlet.http.HttpServlet.service(HttpServlet.java:806)
	at org.mortbay.jetty.servlet.ServletHolder.handle(ServletHolder.java:502)
	at org.mortbay.jetty.servlet.ServletHandler$CachedChain.doFilter(ServletHandler.java:1121)
	at com.openbravo.pos.pda.struts.filter.PdaFilter.doFilter(PdaFilter.java:104)
	at org.mortbay.jetty.servlet.ServletHandler$CachedChain.doFilter(ServletHandler.java:1112)
	at org.mortbay.jetty.servlet.ServletHandler.handle(ServletHandler.java:363)
	at org.mortbay.jetty.security.ConstraintsSecurityHandler.handle(ConstraintsSecurityHandler.java:220)
	at org.mortbay.jetty.servlet.SessionHandler.handle(SessionHandler.java:181)
	at org.mortbay.jetty.handler.ContextHandler.handle(ContextHandler.java:822)
	at org.mortbay.jetty.webapp.WebAppContext.handle(WebAppContext.java:305)
	at org.mortbay.jetty.handler.ContextHandlerCollection.handle(ContextHandlerCollection.java:229)
	at org.mortbay.jetty.handler.HandlerCollection.handle(HandlerCollection.java:113)
	at org.mortbay.jetty.handler.HandlerWrapper.handle(HandlerWrapper.java:152)
	at org.mortbay.jetty.Server.handle(Server.java:324)
	at org.mortbay.jetty.HttpConnection.handleRequest(HttpConnection.java:550)
	at org.mortbay.jetty.HttpConnection$RequestHandler.headerComplete(HttpConnection.java:876)
	at org.mortbay.jetty.HttpParser.parseNext(HttpParser.java:535)
	at org.mortbay.jetty.HttpParser.parseAvailable(HttpParser.java:209)
	at org.mortbay.jetty.HttpConnection.handle(HttpConnection.java:407)
	at org.mortbay.io.nio.SelectChannelEndPoint.run(SelectChannelEndPoint.java:421)
	at org.mortbay.thread.QueuedThreadPool$PoolThread.run(QueuedThreadPool.java:520)
Cleanup action completed
Wed May 06 17:30:23 CEST 2015 Thread[qtp0-7,5,main] (XID = 2440), (SESSIONID = 172), (DATABASE = C:\Users\carlos.cotelo\openbravopos-database), (DRDAID = null), Cleanup action starting
Wed May 06 17:30:23 CEST 2015 Thread[qtp0-7,5,main] (XID = 2440), (SESSIONID = 172), (DATABASE = C:\Users\carlos.cotelo\openbravopos-database), (DRDAID = null), Failed Statement is: SELECT * FROM PRODUCTS P, PRODUCTS_COM COM WHERE COM.PRODUCT=? AND P.ID = COM.PRODUCT2 ORDER BY P.NAME with 1 parameters begin parameter #1: 94f5217c-beff-48d9-8ace-c345f8e87fc5 :end parameter 
ERROR 08000: Connection closed by unknown interrupt.
	at org.apache.derby.iapi.error.StandardException.newException(Unknown Source)
	at org.apache.derby.iapi.util.InterruptStatus.setInterrupted(Unknown Source)
	at org.apache.derby.iapi.util.InterruptStatus.throwIf(Unknown Source)
	at org.apache.derby.impl.sql.execute.BasicNoPutResultSetImpl.checkCancellationFlag(Unknown Source)
	at org.apache.derby.impl.sql.execute.BulkTableScanResultSet.getNextRowCore(Unknown Source)
	at org.apache.derby.impl.sql.execute.IndexRowToBaseRowResultSet.getNextRowCore(Unknown Source)
	at org.apache.derby.impl.sql.execute.JoinResultSet.openCore(Unknown Source)
	at org.apache.derby.impl.sql.execute.ProjectRestrictResultSet.openCore(Unknown Source)
	at org.apache.derby.impl.sql.execute.SortResultSet.openCore(Unknown Source)
	at org.apache.derby.impl.sql.execute.BasicNoPutResultSetImpl.open(Unknown Source)
	at org.apache.derby.impl.sql.GenericPreparedStatement.executeStmt(Unknown Source)
	at org.apache.derby.impl.sql.GenericPreparedStatement.execute(Unknown Source)
	at org.apache.derby.impl.jdbc.EmbedStatement.executeStatement(Unknown Source)
	at org.apache.derby.impl.jdbc.EmbedPreparedStatement.executeStatement(Unknown Source)
	at org.apache.derby.impl.jdbc.EmbedPreparedStatement.executeQuery(Unknown Source)
	at com.openbravo.pos.pda.dao.ProductDAO.findAllAuxiliars(ProductDAO.java:49)
	at com.openbravo.pos.pda.bo.RestaurantManager.findAuxiliars(RestaurantManager.java:74)
	at com.openbravo.pos.pda.struts.actions.addProductAction.execute(addProductAction.java:62)
	at org.apache.struts.action.RequestProcessor.processActionPerform(RequestProcessor.java:431)
	at org.apache.struts.action.RequestProcessor.process(RequestProcessor.java:236)
	at org.apache.struts.action.ActionServlet.process(ActionServlet.java:1196)
	at org.apache.struts.action.ActionServlet.doGet(ActionServlet.java:414)
	at javax.servlet.http.HttpServlet.service(HttpServlet.java:693)
	at javax.servlet.http.HttpServlet.service(HttpServlet.java:806)
	at org.mortbay.jetty.servlet.ServletHolder.handle(ServletHolder.java:502)
	at org.mortbay.jetty.servlet.ServletHandler$CachedChain.doFilter(ServletHandler.java:1121)
	at com.openbravo.pos.pda.struts.filter.PdaFilter.doFilter(PdaFilter.java:104)
	at org.mortbay.jetty.servlet.ServletHandler$CachedChain.doFilter(ServletHandler.java:1112)
	at org.mortbay.jetty.servlet.ServletHandler.handle(ServletHandler.java:363)
	at org.mortbay.jetty.security.ConstraintsSecurityHandler.handle(ConstraintsSecurityHandler.java:220)
	at org.mortbay.jetty.servlet.SessionHandler.handle(SessionHandler.java:181)
	at org.mortbay.jetty.handler.ContextHandler.handle(ContextHandler.java:822)
	at org.mortbay.jetty.webapp.WebAppContext.handle(WebAppContext.java:305)
	at org.mortbay.jetty.handler.ContextHandlerCollection.handle(ContextHandlerCollection.java:229)
	at org.mortbay.jetty.handler.HandlerCollection.handle(HandlerCollection.java:113)
	at org.mortbay.jetty.handler.HandlerWrapper.handle(HandlerWrapper.java:152)
	at org.mortbay.jetty.Server.handle(Server.java:324)
	at org.mortbay.jetty.HttpConnection.handleRequest(HttpConnection.java:550)
	at org.mortbay.jetty.HttpConnection$RequestHandler.headerComplete(HttpConnection.java:876)
	at org.mortbay.jetty.HttpParser.parseNext(HttpParser.java:535)
	at org.mortbay.jetty.HttpParser.parseAvailable(HttpParser.java:209)
	at org.mortbay.jetty.HttpConnection.handle(HttpConnection.java:407)
	at org.mortbay.io.nio.SelectChannelEndPoint.run(SelectChannelEndPoint.java:421)
	at org.mortbay.thread.QueuedThreadPool$PoolThread.run(QueuedThreadPool.java:520)
Cleanup action completed
Wed May 06 17:30:23 CEST 2015 Thread[qtp0-5,5,main] (XID = 2445), (SESSIONID = 175), (DATABASE = C:\Users\carlos.cotelo\openbravopos-database), (DRDAID = null), Cleanup action starting
Wed May 06 17:30:23 CEST 2015 Thread[qtp0-5,5,main] (XID = 2445), (SESSIONID = 175), (DATABASE = C:\Users\carlos.cotelo\openbravopos-database), (DRDAID = null), Failed Statement is: SELECT * FROM PRODUCTS P, PRODUCTS_COM COM WHERE COM.PRODUCT=? AND P.ID = COM.PRODUCT2 ORDER BY P.NAME with 1 parameters begin parameter #1: 94f5217c-beff-48d9-8ace-c345f8e87fc5 :end parameter 
ERROR 08000: Connection closed by unknown interrupt.
	at org.apache.derby.iapi.error.StandardException.newException(Unknown Source)
	at org.apache.derby.iapi.util.InterruptStatus.setInterrupted(Unknown Source)
	at org.apache.derby.iapi.util.InterruptStatus.throwIf(Unknown Source)
	at org.apache.derby.impl.sql.execute.BasicNoPutResultSetImpl.checkCancellationFlag(Unknown Source)
	at org.apache.derby.impl.sql.execute.BulkTableScanResultSet.getNextRowCore(Unknown Source)
	at org.apache.derby.impl.sql.execute.IndexRowToBaseRowResultSet.getNextRowCore(Unknown Source)
	at org.apache.derby.impl.sql.execute.JoinResultSet.openCore(Unknown Source)
	at org.apache.derby.impl.sql.execute.ProjectRestrictResultSet.openCore(Unknown Source)
	at org.apache.derby.impl.sql.execute.SortResultSet.openCore(Unknown Source)
	at org.apache.derby.impl.sql.execute.BasicNoPutResultSetImpl.open(Unknown Source)
	at org.apache.derby.impl.sql.GenericPreparedStatement.executeStmt(Unknown Source)
	at org.apache.derby.impl.sql.GenericPreparedStatement.execute(Unknown Source)
	at org.apache.derby.impl.jdbc.EmbedStatement.executeStatement(Unknown Source)
	at org.apache.derby.impl.jdbc.EmbedPreparedStatement.executeStatement(Unknown Source)
	at org.apache.derby.impl.jdbc.EmbedPreparedStatement.executeQuery(Unknown Source)
	at com.openbravo.pos.pda.dao.ProductDAO.findAllAuxiliars(ProductDAO.java:49)
	at com.openbravo.pos.pda.bo.RestaurantManager.findAuxiliars(RestaurantManager.java:74)
	at com.openbravo.pos.pda.struts.actions.addProductAction.execute(addProductAction.java:62)
	at org.apache.struts.action.RequestProcessor.processActionPerform(RequestProcessor.java:431)
	at org.apache.struts.action.RequestProcessor.process(RequestProcessor.java:236)
	at org.apache.struts.action.ActionServlet.process(ActionServlet.java:1196)
	at org.apache.struts.action.ActionServlet.doGet(ActionServlet.java:414)
	at javax.servlet.http.HttpServlet.service(HttpServlet.java:693)
	at javax.servlet.http.HttpServlet.service(HttpServlet.java:806)
	at org.mortbay.jetty.servlet.ServletHolder.handle(ServletHolder.java:502)
	at org.mortbay.jetty.servlet.ServletHandler$CachedChain.doFilter(ServletHandler.java:1121)
	at com.openbravo.pos.pda.struts.filter.PdaFilter.doFilter(PdaFilter.java:104)
	at org.mortbay.jetty.servlet.ServletHandler$CachedChain.doFilter(ServletHandler.java:1112)
	at org.mortbay.jetty.servlet.ServletHandler.handle(ServletHandler.java:363)
	at org.mortbay.jetty.security.ConstraintsSecurityHandler.handle(ConstraintsSecurityHandler.java:220)
	at org.mortbay.jetty.servlet.SessionHandler.handle(SessionHandler.java:181)
	at org.mortbay.jetty.handler.ContextHandler.handle(ContextHandler.java:822)
	at org.mortbay.jetty.webapp.WebAppContext.handle(WebAppContext.java:305)
	at org.mortbay.jetty.handler.ContextHandlerCollection.handle(ContextHandlerCollection.java:229)
	at org.mortbay.jetty.handler.HandlerCollection.handle(HandlerCollection.java:113)
	at org.mortbay.jetty.handler.HandlerWrapper.handle(HandlerWrapper.java:152)
	at org.mortbay.jetty.Server.handle(Server.java:324)
	at org.mortbay.jetty.HttpConnection.handleRequest(HttpConnection.java:550)
	at org.mortbay.jetty.HttpConnection$RequestHandler.headerComplete(HttpConnection.java:876)
	at org.mortbay.jetty.HttpParser.parseNext(HttpParser.java:535)
	at org.mortbay.jetty.HttpParser.parseAvailable(HttpParser.java:209)
	at org.mortbay.jetty.HttpConnection.handle(HttpConnection.java:407)
	at org.mortbay.io.nio.SelectChannelEndPoint.run(SelectChannelEndPoint.java:421)
	at org.mortbay.thread.QueuedThreadPool$PoolThread.run(QueuedThreadPool.java:520)
Cleanup action completed
Wed May 06 17:30:23 CEST 2015 Thread[qtp0-6,5,main] (XID = 2427), (SESSIONID = 162), (DATABASE = C:\Users\carlos.cotelo\openbravopos-database), (DRDAID = null), Cleanup action starting
Wed May 06 17:30:23 CEST 2015 Thread[qtp0-6,5,main] (XID = 2427), (SESSIONID = 162), (DATABASE = C:\Users\carlos.cotelo\openbravopos-database), (DRDAID = null), Failed Statement is: UPDATE SHAREDTICKETS SET CONTENT = ? WHERE ID = ? with 2 parameters begin parameter #1: BLOB:Length=1044 :end parameter begin parameter #2: 2 :end parameter 
ERROR 08000: Connection closed by unknown interrupt.
	at org.apache.derby.iapi.error.StandardException.newException(Unknown Source)
	at org.apache.derby.impl.services.locks.ConcurrentLockSet.lockObject(Unknown Source)
	at org.apache.derby.impl.services.locks.AbstractPool.lockObject(Unknown Source)
	at org.apache.derby.impl.services.locks.ConcurrentPool.lockObject(Unknown Source)
	at org.apache.derby.impl.store.raw.xact.RowLocking3.lockRecordForWrite(Unknown Source)
	at org.apache.derby.impl.store.access.heap.HeapController.lockRow(Unknown Source)
	at org.apache.derby.impl.store.access.heap.HeapController.lockRow(Unknown Source)
	at org.apache.derby.impl.store.access.btree.index.B2IRowLocking3.lockRowOnPage(Unknown Source)
	at org.apache.derby.impl.store.access.btree.index.B2IRowLocking3._lockScanRow(Unknown Source)
	at org.apache.derby.impl.store.access.btree.index.B2IRowLockingRR.lockScanRow(Unknown Source)
	at org.apache.derby.impl.store.access.btree.BTreeForwardScan.fetchRows(Unknown Source)
	at org.apache.derby.impl.store.access.btree.BTreeScan.fetchNext(Unknown Source)
	at org.apache.derby.impl.sql.execute.TableScanResultSet.getNextRowCore(Unknown Source)
	at org.apache.derby.impl.sql.execute.IndexRowToBaseRowResultSet.getNextRowCore(Unknown Source)
	at org.apache.derby.impl.sql.execute.ProjectRestrictResultSet.getNextRowCore(Unknown Source)
	at org.apache.derby.impl.sql.execute.NormalizeResultSet.getNextRowCore(Unknown Source)
	at org.apache.derby.impl.sql.execute.DMLWriteResultSet.getNextRowCore(Unknown Source)
	at org.apache.derby.impl.sql.execute.UpdateResultSet.collectAffectedRows(Unknown Source)
	at org.apache.derby.impl.sql.execute.UpdateResultSet.open(Unknown Source)
	at org.apache.derby.impl.sql.GenericPreparedStatement.executeStmt(Unknown Source)
	at org.apache.derby.impl.sql.GenericPreparedStatement.execute(Unknown Source)
	at org.apache.derby.impl.jdbc.EmbedStatement.executeStatement(Unknown Source)
	at org.apache.derby.impl.jdbc.EmbedPreparedStatement.executeStatement(Unknown Source)
	at org.apache.derby.impl.jdbc.EmbedPreparedStatement.executeLargeUpdate(Unknown Source)
	at org.apache.derby.impl.jdbc.EmbedPreparedStatement.executeUpdate(Unknown Source)
	at com.openbravo.pos.pda.dao.TicketDAO.updateTicket(TicketDAO.java:111)
	at com.openbravo.pos.pda.bo.RestaurantManager.addLineToTicket(RestaurantManager.java:190)
	at com.openbravo.pos.pda.struts.actions.addProductAction.execute(addProductAction.java:60)
	at org.apache.struts.action.RequestProcessor.processActionPerform(RequestProcessor.java:431)
	at org.apache.struts.action.RequestProcessor.process(RequestProcessor.java:236)
	at org.apache.struts.action.ActionServlet.process(ActionServlet.java:1196)
	at org.apache.struts.action.ActionServlet.doGet(ActionServlet.java:414)
	at javax.servlet.http.HttpServlet.service(HttpServlet.java:693)
	at javax.servlet.http.HttpServlet.service(HttpServlet.java:806)
	at org.mortbay.jetty.servlet.ServletHolder.handle(ServletHolder.java:502)
	at org.mortbay.jetty.servlet.ServletHandler$CachedChain.doFilter(ServletHandler.java:1121)
	at com.openbravo.pos.pda.struts.filter.PdaFilter.doFilter(PdaFilter.java:104)
	at org.mortbay.jetty.servlet.ServletHandler$CachedChain.doFilter(ServletHandler.java:1112)
	at org.mortbay.jetty.servlet.ServletHandler.handle(ServletHandler.java:363)
	at org.mortbay.jetty.security.ConstraintsSecurityHandler.handle(ConstraintsSecurityHandler.java:220)
	at org.mortbay.jetty.servlet.SessionHandler.handle(SessionHandler.java:181)
	at org.mortbay.jetty.handler.ContextHandler.handle(ContextHandler.java:822)
	at org.mortbay.jetty.webapp.WebAppContext.handle(WebAppContext.java:305)
	at org.mortbay.jetty.handler.ContextHandlerCollection.handle(ContextHandlerCollection.java:229)
	at org.mortbay.jetty.handler.HandlerCollection.handle(HandlerCollection.java:113)
	at org.mortbay.jetty.handler.HandlerWrapper.handle(HandlerWrapper.java:152)
	at org.mortbay.jetty.Server.handle(Server.java:324)
	at org.mortbay.jetty.HttpConnection.handleRequest(HttpConnection.java:550)
	at org.mortbay.jetty.HttpConnection$RequestHandler.headerComplete(HttpConnection.java:876)
	at org.mortbay.jetty.HttpParser.parseNext(HttpParser.java:535)
	at org.mortbay.jetty.HttpParser.parseAvailable(HttpParser.java:209)
	at org.mortbay.jetty.HttpConnection.handle(HttpConnection.java:407)
	at org.mortbay.io.nio.SelectChannelEndPoint.run(SelectChannelEndPoint.java:421)
	at org.mortbay.thread.QueuedThreadPool$PoolThread.run(QueuedThreadPool.java:520)
Cleanup action completed
Wed May 06 17:30:23 CEST 2015 Thread[qtp0-6,5,main] (XID = 2448), (SESSIONID = 177), (DATABASE = C:\Users\carlos.cotelo\openbravopos-database), (DRDAID = null), Cleanup action starting
Wed May 06 17:30:23 CEST 2015 Thread[qtp0-6,5,main] (XID = 2448), (SESSIONID = 177), (DATABASE = C:\Users\carlos.cotelo\openbravopos-database), (DRDAID = null), Failed Statement is: SELECT * FROM PRODUCTS P, PRODUCTS_COM COM WHERE COM.PRODUCT=? AND P.ID = COM.PRODUCT2 ORDER BY P.NAME with 1 parameters begin parameter #1: 94f5217c-beff-48d9-8ace-c345f8e87fc5 :end parameter 
ERROR 08000: Connection closed by unknown interrupt.
	at org.apache.derby.iapi.error.StandardException.newException(Unknown Source)
	at org.apache.derby.iapi.util.InterruptStatus.setInterrupted(Unknown Source)
	at org.apache.derby.iapi.util.InterruptStatus.throwIf(Unknown Source)
	at org.apache.derby.impl.sql.execute.BasicNoPutResultSetImpl.checkCancellationFlag(Unknown Source)
	at org.apache.derby.impl.sql.execute.BulkTableScanResultSet.getNextRowCore(Unknown Source)
	at org.apache.derby.impl.sql.execute.IndexRowToBaseRowResultSet.getNextRowCore(Unknown Source)
	at org.apache.derby.impl.sql.execute.JoinResultSet.openCore(Unknown Source)
	at org.apache.derby.impl.sql.execute.ProjectRestrictResultSet.openCore(Unknown Source)
	at org.apache.derby.impl.sql.execute.SortResultSet.openCore(Unknown Source)
	at org.apache.derby.impl.sql.execute.BasicNoPutResultSetImpl.open(Unknown Source)
	at org.apache.derby.impl.sql.GenericPreparedStatement.executeStmt(Unknown Source)
	at org.apache.derby.impl.sql.GenericPreparedStatement.execute(Unknown Source)
	at org.apache.derby.impl.jdbc.EmbedStatement.executeStatement(Unknown Source)
	at org.apache.derby.impl.jdbc.EmbedPreparedStatement.executeStatement(Unknown Source)
	at org.apache.derby.impl.jdbc.EmbedPreparedStatement.executeQuery(Unknown Source)
	at com.openbravo.pos.pda.dao.ProductDAO.findAllAuxiliars(ProductDAO.java:49)
	at com.openbravo.pos.pda.bo.RestaurantManager.findAuxiliars(RestaurantManager.java:74)
	at com.openbravo.pos.pda.struts.actions.addProductAction.execute(addProductAction.java:62)
	at org.apache.struts.action.RequestProcessor.processActionPerform(RequestProcessor.java:431)
	at org.apache.struts.action.RequestProcessor.process(RequestProcessor.java:236)
	at org.apache.struts.action.ActionServlet.process(ActionServlet.java:1196)
	at org.apache.struts.action.ActionServlet.doGet(ActionServlet.java:414)
	at javax.servlet.http.HttpServlet.service(HttpServlet.java:693)
	at javax.servlet.http.HttpServlet.service(HttpServlet.java:806)
	at org.mortbay.jetty.servlet.ServletHolder.handle(ServletHolder.java:502)
	at org.mortbay.jetty.servlet.ServletHandler$CachedChain.doFilter(ServletHandler.java:1121)
	at com.openbravo.pos.pda.struts.filter.PdaFilter.doFilter(PdaFilter.java:104)
	at org.mortbay.jetty.servlet.ServletHandler$CachedChain.doFilter(ServletHandler.java:1112)
	at org.mortbay.jetty.servlet.ServletHandler.handle(ServletHandler.java:363)
	at org.mortbay.jetty.security.ConstraintsSecurityHandler.handle(ConstraintsSecurityHandler.java:220)
	at org.mortbay.jetty.servlet.SessionHandler.handle(SessionHandler.java:181)
	at org.mortbay.jetty.handler.ContextHandler.handle(ContextHandler.java:822)
	at org.mortbay.jetty.webapp.WebAppContext.handle(WebAppContext.java:305)
	at org.mortbay.jetty.handler.ContextHandlerCollection.handle(ContextHandlerCollection.java:229)
	at org.mortbay.jetty.handler.HandlerCollection.handle(HandlerCollection.java:113)
	at org.mortbay.jetty.handler.HandlerWrapper.handle(HandlerWrapper.java:152)
	at org.mortbay.jetty.Server.handle(Server.java:324)
	at org.mortbay.jetty.HttpConnection.handleRequest(HttpConnection.java:550)
	at org.mortbay.jetty.HttpConnection$RequestHandler.headerComplete(HttpConnection.java:876)
	at org.mortbay.jetty.HttpParser.parseNext(HttpParser.java:535)
	at org.mortbay.jetty.HttpParser.parseAvailable(HttpParser.java:209)
	at org.mortbay.jetty.HttpConnection.handle(HttpConnection.java:407)
	at org.mortbay.io.nio.SelectChannelEndPoint.run(SelectChannelEndPoint.java:421)
	at org.mortbay.thread.QueuedThreadPool$PoolThread.run(QueuedThreadPool.java:520)
Cleanup action completed
Wed May 06 17:30:23 CEST 2015 Thread[qtp0-3,5,main] (XID = 2436), (SESSIONID = 169), (DATABASE = C:\Users\carlos.cotelo\openbravopos-database), (DRDAID = null), Cleanup action starting
Wed May 06 17:30:23 CEST 2015 Thread[qtp0-3,5,main] (XID = 2436), (SESSIONID = 169), (DATABASE = C:\Users\carlos.cotelo\openbravopos-database), (DRDAID = null), Failed Statement is: Select CONTENT from SHAREDTICKETS where ID = ? with 1 parameters begin parameter #1: 2 :end parameter 
ERROR 08000: Connection closed by unknown interrupt.
	at org.apache.derby.iapi.error.StandardException.newException(Unknown Source)
	at org.apache.derby.impl.services.locks.ConcurrentLockSet.lockObject(Unknown Source)
	at org.apache.derby.impl.services.locks.AbstractPool.lockObject(Unknown Source)
	at org.apache.derby.impl.services.locks.ConcurrentPool.lockObject(Unknown Source)
	at org.apache.derby.impl.store.raw.xact.RowLocking2.lockRecordForRead(Unknown Source)
	at org.apache.derby.impl.store.access.heap.HeapController.lockRow(Unknown Source)
	at org.apache.derby.impl.store.access.heap.HeapController.lockRow(Unknown Source)
	at org.apache.derby.impl.store.access.btree.index.B2IRowLocking3.lockRowOnPage(Unknown Source)
	at org.apache.derby.impl.store.access.btree.index.B2IRowLocking3._lockScanRow(Unknown Source)
	at org.apache.derby.impl.store.access.btree.index.B2IRowLockingRR.lockScanRow(Unknown Source)
	at org.apache.derby.impl.store.access.btree.BTreeForwardScan.fetchRows(Unknown Source)
	at org.apache.derby.impl.store.access.btree.BTreeScan.fetchNext(Unknown Source)
	at org.apache.derby.impl.sql.execute.TableScanResultSet.getNextRowCore(Unknown Source)
	at org.apache.derby.impl.sql.execute.IndexRowToBaseRowResultSet.getNextRowCore(Unknown Source)
	at org.apache.derby.impl.sql.execute.ProjectRestrictResultSet.getNextRowCore(Unknown Source)
	at org.apache.derby.impl.sql.execute.BasicNoPutResultSetImpl.getNextRow(Unknown Source)
	at org.apache.derby.impl.jdbc.EmbedResultSet.movePosition(Unknown Source)
	at org.apache.derby.impl.jdbc.EmbedResultSet.next(Unknown Source)
	at com.openbravo.pos.pda.dao.TicketDAO.getTicket(TicketDAO.java:59)
	at com.openbravo.pos.pda.bo.RestaurantManager.addLineToTicket(RestaurantManager.java:186)
	at com.openbravo.pos.pda.struts.actions.addProductAction.execute(addProductAction.java:60)
	at org.apache.struts.action.RequestProcessor.processActionPerform(RequestProcessor.java:431)
	at org.apache.struts.action.RequestProcessor.process(RequestProcessor.java:236)
	at org.apache.struts.action.ActionServlet.process(ActionServlet.java:1196)
	at org.apache.struts.action.ActionServlet.doGet(ActionServlet.java:414)
	at javax.servlet.http.HttpServlet.service(HttpServlet.java:693)
	at javax.servlet.http.HttpServlet.service(HttpServlet.java:806)
	at org.mortbay.jetty.servlet.ServletHolder.handle(ServletHolder.java:502)
	at org.mortbay.jetty.servlet.ServletHandler$CachedChain.doFilter(ServletHandler.java:1121)
	at com.openbravo.pos.pda.struts.filter.PdaFilter.doFilter(PdaFilter.java:104)
	at org.mortbay.jetty.servlet.ServletHandler$CachedChain.doFilter(ServletHandler.java:1112)
	at org.mortbay.jetty.servlet.ServletHandler.handle(ServletHandler.java:363)
	at org.mortbay.jetty.security.ConstraintsSecurityHandler.handle(ConstraintsSecurityHandler.java:220)
	at org.mortbay.jetty.servlet.SessionHandler.handle(SessionHandler.java:181)
	at org.mortbay.jetty.handler.ContextHandler.handle(ContextHandler.java:822)
	at org.mortbay.jetty.webapp.WebAppContext.handle(WebAppContext.java:305)
	at org.mortbay.jetty.handler.ContextHandlerCollection.handle(ContextHandlerCollection.java:229)
	at org.mortbay.jetty.handler.HandlerCollection.handle(HandlerCollection.java:113)
	at org.mortbay.jetty.handler.HandlerWrapper.handle(HandlerWrapper.java:152)
	at org.mortbay.jetty.Server.handle(Server.java:324)
	at org.mortbay.jetty.HttpConnection.handleRequest(HttpConnection.java:550)
	at org.mortbay.jetty.HttpConnection$RequestHandler.headerComplete(HttpConnection.java:876)
	at org.mortbay.jetty.HttpParser.parseNext(HttpParser.java:535)
	at org.mortbay.jetty.HttpParser.parseAvailable(HttpParser.java:209)
	at org.mortbay.jetty.HttpConnection.handle(HttpConnection.java:407)
	at org.mortbay.io.nio.SelectChannelEndPoint.run(SelectChannelEndPoint.java:421)
	at org.mortbay.thread.QueuedThreadPool$PoolThread.run(QueuedThreadPool.java:520)
Cleanup action completed
Wed May 06 17:30:23 CEST 2015 Thread[qtp0-3,5,main] (XID = 2451), (SESSIONID = 179), (DATABASE = C:\Users\carlos.cotelo\openbravopos-database), (DRDAID = null), Cleanup action starting
Wed May 06 17:30:23 CEST 2015 Thread[qtp0-3,5,main] (XID = 2451), (SESSIONID = 179), (DATABASE = C:\Users\carlos.cotelo\openbravopos-database), (DRDAID = null), Failed Statement is: SELECT * FROM PRODUCTS WHERE ID=? with 1 parameters begin parameter #1: 94f5217c-beff-48d9-8ace-c345f8e87fc5 :end parameter 
ERROR 08000: Connection closed by unknown interrupt.
	at org.apache.derby.iapi.error.StandardException.newException(Unknown Source)
	at org.apache.derby.iapi.util.InterruptStatus.setInterrupted(Unknown Source)
	at org.apache.derby.iapi.util.InterruptStatus.throwIf(Unknown Source)
	at org.apache.derby.impl.sql.execute.BasicNoPutResultSetImpl.checkCancellationFlag(Unknown Source)
	at org.apache.derby.impl.sql.execute.TableScanResultSet.getNextRowCore(Unknown Source)
	at org.apache.derby.impl.sql.execute.IndexRowToBaseRowResultSet.getNextRowCore(Unknown Source)
	at org.apache.derby.impl.sql.execute.BasicNoPutResultSetImpl.getNextRow(Unknown Source)
	at org.apache.derby.impl.jdbc.EmbedResultSet.movePosition(Unknown Source)
	at org.apache.derby.impl.jdbc.EmbedResultSet.next(Unknown Source)
	at com.openbravo.pos.pda.dao.BaseJdbcDAO.transformSet(BaseJdbcDAO.java:60)
	at com.openbravo.pos.pda.dao.ProductDAO.findProductById(ProductDAO.java:89)
	at com.openbravo.pos.pda.bo.RestaurantManager.addLineToTicket(RestaurantManager.java:187)
	at com.openbravo.pos.pda.struts.actions.addProductAction.execute(addProductAction.java:60)
	at org.apache.struts.action.RequestProcessor.processActionPerform(RequestProcessor.java:431)
	at org.apache.struts.action.RequestProcessor.process(RequestProcessor.java:236)
	at org.apache.struts.action.ActionServlet.process(ActionServlet.java:1196)
	at org.apache.struts.action.ActionServlet.doGet(ActionServlet.java:414)
	at javax.servlet.http.HttpServlet.service(HttpServlet.java:693)
	at javax.servlet.http.HttpServlet.service(HttpServlet.java:806)
	at org.mortbay.jetty.servlet.ServletHolder.handle(ServletHolder.java:502)
	at org.mortbay.jetty.servlet.ServletHandler$CachedChain.doFilter(ServletHandler.java:1121)
	at com.openbravo.pos.pda.struts.filter.PdaFilter.doFilter(PdaFilter.java:104)
	at org.mortbay.jetty.servlet.ServletHandler$CachedChain.doFilter(ServletHandler.java:1112)
	at org.mortbay.jetty.servlet.ServletHandler.handle(ServletHandler.java:363)
	at org.mortbay.jetty.security.ConstraintsSecurityHandler.handle(ConstraintsSecurityHandler.java:220)
	at org.mortbay.jetty.servlet.SessionHandler.handle(SessionHandler.java:181)
	at org.mortbay.jetty.handler.ContextHandler.handle(ContextHandler.java:822)
	at org.mortbay.jetty.webapp.WebAppContext.handle(WebAppContext.java:305)
	at org.mortbay.jetty.handler.ContextHandlerCollection.handle(ContextHandlerCollection.java:229)
	at org.mortbay.jetty.handler.HandlerCollection.handle(HandlerCollection.java:113)
	at org.mortbay.jetty.handler.HandlerWrapper.handle(HandlerWrapper.java:152)
	at org.mortbay.jetty.Server.handle(Server.java:324)
	at org.mortbay.jetty.HttpConnection.handleRequest(HttpConnection.java:550)
	at org.mortbay.jetty.HttpConnection$RequestHandler.headerComplete(HttpConnection.java:876)
	at org.mortbay.jetty.HttpParser.parseNext(HttpParser.java:535)
	at org.mortbay.jetty.HttpParser.parseAvailable(HttpParser.java:209)
	at org.mortbay.jetty.HttpConnection.handle(HttpConnection.java:407)
	at org.mortbay.io.nio.SelectChannelEndPoint.run(SelectChannelEndPoint.java:421)
	at org.mortbay.thread.QueuedThreadPool$PoolThread.run(QueuedThreadPool.java:520)
Cleanup action completed
Wed May 06 17:30:24 CEST 2015 Thread[qtp0-6,5,main] (XID = 2454), (SESSIONID = 181), (DATABASE = C:\Users\carlos.cotelo\openbravopos-database), (DRDAID = null), Cleanup action starting
Wed May 06 17:30:24 CEST 2015 Thread[qtp0-6,5,main] (XID = 2454), (SESSIONID = 181), (DATABASE = C:\Users\carlos.cotelo\openbravopos-database), (DRDAID = null), Failed Statement is: SELECT ID, NAME, CATEGORY, CUSTCATEGORY, PARENTID, RATE, RATECASCADE, RATEORDER FROM TAXES ORDER BY NAME
ERROR 08000: Connection closed by unknown interrupt.
	at org.apache.derby.iapi.error.StandardException.newException(Unknown Source)
	at org.apache.derby.iapi.util.InterruptStatus.setInterrupted(Unknown Source)
	at org.apache.derby.iapi.util.InterruptStatus.throwIf(Unknown Source)
	at org.apache.derby.impl.sql.execute.BasicNoPutResultSetImpl.checkCancellationFlag(Unknown Source)
	at org.apache.derby.impl.sql.execute.BulkTableScanResultSet.getNextRowCore(Unknown Source)
	at org.apache.derby.impl.sql.execute.SortResultSet.getRowFromResultSet(Unknown Source)
	at org.apache.derby.impl.sql.execute.SortResultSet.getNextRowFromRS(Unknown Source)
	at org.apache.derby.impl.sql.execute.SortResultSet.loadSorter(Unknown Source)
	at org.apache.derby.impl.sql.execute.SortResultSet.openCore(Unknown Source)
	at org.apache.derby.impl.sql.execute.BasicNoPutResultSetImpl.open(Unknown Source)
	at org.apache.derby.impl.sql.GenericPreparedStatement.executeStmt(Unknown Source)
	at org.apache.derby.impl.sql.GenericPreparedStatement.execute(Unknown Source)
	at org.apache.derby.impl.jdbc.EmbedStatement.executeStatement(Unknown Source)
	at org.apache.derby.impl.jdbc.EmbedPreparedStatement.executeStatement(Unknown Source)
	at org.apache.derby.impl.jdbc.EmbedPreparedStatement.executeQuery(Unknown Source)
	at com.openbravo.pos.pda.dao.TaxDAO.getTaxList(TaxDAO.java:79)
	at com.openbravo.pos.pda.bo.RestaurantManager.findAllTaxRatesByCategory(RestaurantManager.java:153)
	at com.openbravo.pos.pda.struts.actions.addProductAction.execute(addProductAction.java:65)
	at org.apache.struts.action.RequestProcessor.processActionPerform(RequestProcessor.java:431)
	at org.apache.struts.action.RequestProcessor.process(RequestProcessor.java:236)
	at org.apache.struts.action.ActionServlet.process(ActionServlet.java:1196)
	at org.apache.struts.action.ActionServlet.doGet(ActionServlet.java:414)
	at javax.servlet.http.HttpServlet.service(HttpServlet.java:693)
	at javax.servlet.http.HttpServlet.service(HttpServlet.java:806)
	at org.mortbay.jetty.servlet.ServletHolder.handle(ServletHolder.java:502)
	at org.mortbay.jetty.servlet.ServletHandler$CachedChain.doFilter(ServletHandler.java:1121)
	at com.openbravo.pos.pda.struts.filter.PdaFilter.doFilter(PdaFilter.java:104)
	at org.mortbay.jetty.servlet.ServletHandler$CachedChain.doFilter(ServletHandler.java:1112)
	at org.mortbay.jetty.servlet.ServletHandler.handle(ServletHandler.java:363)
	at org.mortbay.jetty.security.ConstraintsSecurityHandler.handle(ConstraintsSecurityHandler.java:220)
	at org.mortbay.jetty.servlet.SessionHandler.handle(SessionHandler.java:181)
	at org.mortbay.jetty.handler.ContextHandler.handle(ContextHandler.java:822)
	at org.mortbay.jetty.webapp.WebAppContext.handle(WebAppContext.java:305)
	at org.mortbay.jetty.handler.ContextHandlerCollection.handle(ContextHandlerCollection.java:229)
	at org.mortbay.jetty.handler.HandlerCollection.handle(HandlerCollection.java:113)
	at org.mortbay.jetty.handler.HandlerWrapper.handle(HandlerWrapper.java:152)
	at org.mortbay.jetty.Server.handle(Server.java:324)
	at org.mortbay.jetty.HttpConnection.handleRequest(HttpConnection.java:550)
	at org.mortbay.jetty.HttpConnection$RequestHandler.headerComplete(HttpConnection.java:876)
	at org.mortbay.jetty.HttpParser.parseNext(HttpParser.java:535)
	at org.mortbay.jetty.HttpParser.parseAvailable(HttpParser.java:209)
	at org.mortbay.jetty.HttpConnection.handle(HttpConnection.java:407)
	at org.mortbay.io.nio.SelectChannelEndPoint.run(SelectChannelEndPoint.java:421)
	at org.mortbay.thread.QueuedThreadPool$PoolThread.run(QueuedThreadPool.java:520)
Cleanup action completed
Wed May 06 17:30:24 CEST 2015 Thread[qtp0-5,5,main] (XID = 2457), (SESSIONID = 183), (DATABASE = C:\Users\carlos.cotelo\openbravopos-database), (DRDAID = null), Cleanup action starting
Wed May 06 17:30:24 CEST 2015 Thread[qtp0-5,5,main] (XID = 2457), (SESSIONID = 183), (DATABASE = C:\Users\carlos.cotelo\openbravopos-database), (DRDAID = null), Failed Statement is: SELECT ID, NAME, CATEGORY, CUSTCATEGORY, PARENTID, RATE, RATECASCADE, RATEORDER FROM TAXES ORDER BY NAME
ERROR 08000: Connection closed by unknown interrupt.
	at org.apache.derby.iapi.error.StandardException.newException(Unknown Source)
	at org.apache.derby.iapi.util.InterruptStatus.setInterrupted(Unknown Source)
	at org.apache.derby.iapi.util.InterruptStatus.throwIf(Unknown Source)
	at org.apache.derby.impl.sql.execute.BasicNoPutResultSetImpl.checkCancellationFlag(Unknown Source)
	at org.apache.derby.impl.sql.execute.BulkTableScanResultSet.getNextRowCore(Unknown Source)
	at org.apache.derby.impl.sql.execute.SortResultSet.getRowFromResultSet(Unknown Source)
	at org.apache.derby.impl.sql.execute.SortResultSet.getNextRowFromRS(Unknown Source)
	at org.apache.derby.impl.sql.execute.SortResultSet.loadSorter(Unknown Source)
	at org.apache.derby.impl.sql.execute.SortResultSet.openCore(Unknown Source)
	at org.apache.derby.impl.sql.execute.BasicNoPutResultSetImpl.open(Unknown Source)
	at org.apache.derby.impl.sql.GenericPreparedStatement.executeStmt(Unknown Source)
	at org.apache.derby.impl.sql.GenericPreparedStatement.execute(Unknown Source)
	at org.apache.derby.impl.jdbc.EmbedStatement.executeStatement(Unknown Source)
	at org.apache.derby.impl.jdbc.EmbedPreparedStatement.executeStatement(Unknown Source)
	at org.apache.derby.impl.jdbc.EmbedPreparedStatement.executeQuery(Unknown Source)
	at com.openbravo.pos.pda.dao.TaxDAO.getTaxList(TaxDAO.java:79)
	at com.openbravo.pos.pda.bo.RestaurantManager.findAllTaxRatesByCategory(RestaurantManager.java:153)
	at com.openbravo.pos.pda.struts.actions.addProductAction.execute(addProductAction.java:65)
	at org.apache.struts.action.RequestProcessor.processActionPerform(RequestProcessor.java:431)
	at org.apache.struts.action.RequestProcessor.process(RequestProcessor.java:236)
	at org.apache.struts.action.ActionServlet.process(ActionServlet.java:1196)
	at org.apache.struts.action.ActionServlet.doGet(ActionServlet.java:414)
	at javax.servlet.http.HttpServlet.service(HttpServlet.java:693)
	at javax.servlet.http.HttpServlet.service(HttpServlet.java:806)
	at org.mortbay.jetty.servlet.ServletHolder.handle(ServletHolder.java:502)
	at org.mortbay.jetty.servlet.ServletHandler$CachedChain.doFilter(ServletHandler.java:1121)
	at com.openbravo.pos.pda.struts.filter.PdaFilter.doFilter(PdaFilter.java:104)
	at org.mortbay.jetty.servlet.ServletHandler$CachedChain.doFilter(ServletHandler.java:1112)
	at org.mortbay.jetty.servlet.ServletHandler.handle(ServletHandler.java:363)
	at org.mortbay.jetty.security.ConstraintsSecurityHandler.handle(ConstraintsSecurityHandler.java:220)
	at org.mortbay.jetty.servlet.SessionHandler.handle(SessionHandler.java:181)
	at org.mortbay.jetty.handler.ContextHandler.handle(ContextHandler.java:822)
	at org.mortbay.jetty.webapp.WebAppContext.handle(WebAppContext.java:305)
	at org.mortbay.jetty.handler.ContextHandlerCollection.handle(ContextHandlerCollection.java:229)
	at org.mortbay.jetty.handler.HandlerCollection.handle(HandlerCollection.java:113)
	at org.mortbay.jetty.handler.HandlerWrapper.handle(HandlerWrapper.java:152)
	at org.mortbay.jetty.Server.handle(Server.java:324)
	at org.mortbay.jetty.HttpConnection.handleRequest(HttpConnection.java:550)
	at org.mortbay.jetty.HttpConnection$RequestHandler.headerComplete(HttpConnection.java:876)
	at org.mortbay.jetty.HttpParser.parseNext(HttpParser.java:535)
	at org.mortbay.jetty.HttpParser.parseAvailable(HttpParser.java:209)
	at org.mortbay.jetty.HttpConnection.handle(HttpConnection.java:407)
	at org.mortbay.io.nio.SelectChannelEndPoint.run(SelectChannelEndPoint.java:421)
	at org.mortbay.thread.QueuedThreadPool$PoolThread.run(QueuedThreadPool.java:520)
Cleanup action completed
Wed May 06 17:30:24 CEST 2015 Thread[qtp0-7,5,main] (XID = 2460), (SESSIONID = 185), (DATABASE = C:\Users\carlos.cotelo\openbravopos-database), (DRDAID = null), Cleanup action starting
Wed May 06 17:30:24 CEST 2015 Thread[qtp0-7,5,main] (XID = 2460), (SESSIONID = 185), (DATABASE = C:\Users\carlos.cotelo\openbravopos-database), (DRDAID = null), Failed Statement is: SELECT ID, NAME, CATEGORY, CUSTCATEGORY, PARENTID, RATE, RATECASCADE, RATEORDER FROM TAXES ORDER BY NAME
ERROR 08000: Connection closed by unknown interrupt.
	at org.apache.derby.iapi.error.StandardException.newException(Unknown Source)
	at org.apache.derby.iapi.util.InterruptStatus.setInterrupted(Unknown Source)
	at org.apache.derby.iapi.util.InterruptStatus.throwIf(Unknown Source)
	at org.apache.derby.impl.sql.execute.BasicNoPutResultSetImpl.checkCancellationFlag(Unknown Source)
	at org.apache.derby.impl.sql.execute.BulkTableScanResultSet.getNextRowCore(Unknown Source)
	at org.apache.derby.impl.sql.execute.SortResultSet.getRowFromResultSet(Unknown Source)
	at org.apache.derby.impl.sql.execute.SortResultSet.getNextRowFromRS(Unknown Source)
	at org.apache.derby.impl.sql.execute.SortResultSet.loadSorter(Unknown Source)
	at org.apache.derby.impl.sql.execute.SortResultSet.openCore(Unknown Source)
	at org.apache.derby.impl.sql.execute.BasicNoPutResultSetImpl.open(Unknown Source)
	at org.apache.derby.impl.sql.GenericPreparedStatement.executeStmt(Unknown Source)
	at org.apache.derby.impl.sql.GenericPreparedStatement.execute(Unknown Source)
	at org.apache.derby.impl.jdbc.EmbedStatement.executeStatement(Unknown Source)
	at org.apache.derby.impl.jdbc.EmbedPreparedStatement.executeStatement(Unknown Source)
	at org.apache.derby.impl.jdbc.EmbedPreparedStatement.executeQuery(Unknown Source)
	at com.openbravo.pos.pda.dao.TaxDAO.getTaxList(TaxDAO.java:79)
	at com.openbravo.pos.pda.bo.RestaurantManager.findAllTaxRatesByCategory(RestaurantManager.java:153)
	at com.openbravo.pos.pda.struts.actions.addProductAction.execute(addProductAction.java:65)
	at org.apache.struts.action.RequestProcessor.processActionPerform(RequestProcessor.java:431)
	at org.apache.struts.action.RequestProcessor.process(RequestProcessor.java:236)
	at org.apache.struts.action.ActionServlet.process(ActionServlet.java:1196)
	at org.apache.struts.action.ActionServlet.doGet(ActionServlet.java:414)
	at javax.servlet.http.HttpServlet.service(HttpServlet.java:693)
	at javax.servlet.http.HttpServlet.service(HttpServlet.java:806)
	at org.mortbay.jetty.servlet.ServletHolder.handle(ServletHolder.java:502)
	at org.mortbay.jetty.servlet.ServletHandler$CachedChain.doFilter(ServletHandler.java:1121)
	at com.openbravo.pos.pda.struts.filter.PdaFilter.doFilter(PdaFilter.java:104)
	at org.mortbay.jetty.servlet.ServletHandler$CachedChain.doFilter(ServletHandler.java:1112)
	at org.mortbay.jetty.servlet.ServletHandler.handle(ServletHandler.java:363)
	at org.mortbay.jetty.security.ConstraintsSecurityHandler.handle(ConstraintsSecurityHandler.java:220)
	at org.mortbay.jetty.servlet.SessionHandler.handle(SessionHandler.java:181)
	at org.mortbay.jetty.handler.ContextHandler.handle(ContextHandler.java:822)
	at org.mortbay.jetty.webapp.WebAppContext.handle(WebAppContext.java:305)
	at org.mortbay.jetty.handler.ContextHandlerCollection.handle(ContextHandlerCollection.java:229)
	at org.mortbay.jetty.handler.HandlerCollection.handle(HandlerCollection.java:113)
	at org.mortbay.jetty.handler.HandlerWrapper.handle(HandlerWrapper.java:152)
	at org.mortbay.jetty.Server.handle(Server.java:324)
	at org.mortbay.jetty.HttpConnection.handleRequest(HttpConnection.java:550)
	at org.mortbay.jetty.HttpConnection$RequestHandler.headerComplete(HttpConnection.java:876)
	at org.mortbay.jetty.HttpParser.parseNext(HttpParser.java:535)
	at org.mortbay.jetty.HttpParser.parseAvailable(HttpParser.java:209)
	at org.mortbay.jetty.HttpConnection.handle(HttpConnection.java:407)
	at org.mortbay.io.nio.SelectChannelEndPoint.run(SelectChannelEndPoint.java:421)
	at org.mortbay.thread.QueuedThreadPool$PoolThread.run(QueuedThreadPool.java:520)
Cleanup action completed
Wed May 06 17:30:24 CEST 2015 Thread[qtp0-8,5,main] (XID = 2463), (SESSIONID = 187), (DATABASE = C:\Users\carlos.cotelo\openbravopos-database), (DRDAID = null), Cleanup action starting
Wed May 06 17:30:24 CEST 2015 Thread[qtp0-8,5,main] (XID = 2463), (SESSIONID = 187), (DATABASE = C:\Users\carlos.cotelo\openbravopos-database), (DRDAID = null), Failed Statement is: SELECT ID, NAME, CATEGORY, CUSTCATEGORY, PARENTID, RATE, RATECASCADE, RATEORDER FROM TAXES ORDER BY NAME
ERROR 08000: Connection closed by unknown interrupt.
	at org.apache.derby.iapi.error.StandardException.newException(Unknown Source)
	at org.apache.derby.iapi.util.InterruptStatus.setInterrupted(Unknown Source)
	at org.apache.derby.iapi.util.InterruptStatus.throwIf(Unknown Source)
	at org.apache.derby.impl.sql.execute.BasicNoPutResultSetImpl.checkCancellationFlag(Unknown Source)
	at org.apache.derby.impl.sql.execute.BulkTableScanResultSet.getNextRowCore(Unknown Source)
	at org.apache.derby.impl.sql.execute.SortResultSet.getRowFromResultSet(Unknown Source)
	at org.apache.derby.impl.sql.execute.SortResultSet.getNextRowFromRS(Unknown Source)
	at org.apache.derby.impl.sql.execute.SortResultSet.loadSorter(Unknown Source)
	at org.apache.derby.impl.sql.execute.SortResultSet.openCore(Unknown Source)
	at org.apache.derby.impl.sql.execute.BasicNoPutResultSetImpl.open(Unknown Source)
	at org.apache.derby.impl.sql.GenericPreparedStatement.executeStmt(Unknown Source)
	at org.apache.derby.impl.sql.GenericPreparedStatement.execute(Unknown Source)
	at org.apache.derby.impl.jdbc.EmbedStatement.executeStatement(Unknown Source)
	at org.apache.derby.impl.jdbc.EmbedPreparedStatement.executeStatement(Unknown Source)
	at org.apache.derby.impl.jdbc.EmbedPreparedStatement.executeQuery(Unknown Source)
	at com.openbravo.pos.pda.dao.TaxDAO.getTaxList(TaxDAO.java:79)
	at com.openbravo.pos.pda.bo.RestaurantManager.findAllTaxRatesByCategory(RestaurantManager.java:153)
	at com.openbravo.pos.pda.struts.actions.addProductAction.execute(addProductAction.java:65)
	at org.apache.struts.action.RequestProcessor.processActionPerform(RequestProcessor.java:431)
	at org.apache.struts.action.RequestProcessor.process(RequestProcessor.java:236)
	at org.apache.struts.action.ActionServlet.process(ActionServlet.java:1196)
	at org.apache.struts.action.ActionServlet.doGet(ActionServlet.java:414)
	at javax.servlet.http.HttpServlet.service(HttpServlet.java:693)
	at javax.servlet.http.HttpServlet.service(HttpServlet.java:806)
	at org.mortbay.jetty.servlet.ServletHolder.handle(ServletHolder.java:502)
	at org.mortbay.jetty.servlet.ServletHandler$CachedChain.doFilter(ServletHandler.java:1121)
	at com.openbravo.pos.pda.struts.filter.PdaFilter.doFilter(PdaFilter.java:104)
	at org.mortbay.jetty.servlet.ServletHandler$CachedChain.doFilter(ServletHandler.java:1112)
	at org.mortbay.jetty.servlet.ServletHandler.handle(ServletHandler.java:363)
	at org.mortbay.jetty.security.ConstraintsSecurityHandler.handle(ConstraintsSecurityHandler.java:220)
	at org.mortbay.jetty.servlet.SessionHandler.handle(SessionHandler.java:181)
	at org.mortbay.jetty.handler.ContextHandler.handle(ContextHandler.java:822)
	at org.mortbay.jetty.webapp.WebAppContext.handle(WebAppContext.java:305)
	at org.mortbay.jetty.handler.ContextHandlerCollection.handle(ContextHandlerCollection.java:229)
	at org.mortbay.jetty.handler.HandlerCollection.handle(HandlerCollection.java:113)
	at org.mortbay.jetty.handler.HandlerWrapper.handle(HandlerWrapper.java:152)
	at org.mortbay.jetty.Server.handle(Server.java:324)
	at org.mortbay.jetty.HttpConnection.handleRequest(HttpConnection.java:550)
	at org.mortbay.jetty.HttpConnection$RequestHandler.headerComplete(HttpConnection.java:876)
	at org.mortbay.jetty.HttpParser.parseNext(HttpParser.java:535)
	at org.mortbay.jetty.HttpParser.parseAvailable(HttpParser.java:209)
	at org.mortbay.jetty.HttpConnection.handle(HttpConnection.java:407)
	at org.mortbay.io.nio.SelectChannelEndPoint.run(SelectChannelEndPoint.java:421)
	at org.mortbay.thread.QueuedThreadPool$PoolThread.run(QueuedThreadPool.java:520)
Cleanup action completed
